Pig Stack Trace
---------------
ERROR 2997: Encountered IOException. org.apache.hadoop.yarn.exceptions.ApplicationNotFoundException: Application with id 'application_1411415619800_0901' doesn't exist in RM.
	at org.apache.hadoop.yarn.server.resourcemanager.ClientRMService.getApplicationReport(ClientRMService.java:267)
	at org.apache.hadoop.yarn.api.impl.pb.service.ApplicationClientProtocolPBServiceImpl.getApplicationReport(ApplicationClientProtocolPBServiceImpl.java:125)
	at org.apache.hadoop.yarn.proto.ApplicationClientProtocol$ApplicationClientProtocolService$2.callBlockingMethod(ApplicationClientProtocol.java:257)
	at org.apache.hadoop.ipc.ProtobufRpcEngine$Server$ProtoBufRpcInvoker.call(ProtobufRpcEngine.java:585)
	at org.apache.hadoop.ipc.RPC$Server.call(RPC.java:1026)
	at org.apache.hadoop.ipc.Server$Handler$1.run(Server.java:1986)
	at org.apache.hadoop.ipc.Server$Handler$1.run(Server.java:1982)
	at java.security.AccessController.doPrivileged(Native Method)
	at javax.security.auth.Subject.doAs(Subject.java:415)
	at org.apache.hadoop.security.UserGroupInformation.doAs(UserGroupInformation.java:1554)
	at org.apache.hadoop.ipc.Server$Handler.run(Server.java:1980)

java.io.IOException: org.apache.hadoop.yarn.exceptions.ApplicationNotFoundException: Application with id 'application_1411415619800_0901' doesn't exist in RM.
	at org.apache.hadoop.yarn.server.resourcemanager.ClientRMService.getApplicationReport(ClientRMService.java:267)
	at org.apache.hadoop.yarn.api.impl.pb.service.ApplicationClientProtocolPBServiceImpl.getApplicationReport(ApplicationClientProtocolPBServiceImpl.java:125)
	at org.apache.hadoop.yarn.proto.ApplicationClientProtocol$ApplicationClientProtocolService$2.callBlockingMethod(ApplicationClientProtocol.java:257)
	at org.apache.hadoop.ipc.ProtobufRpcEngine$Server$ProtoBufRpcInvoker.call(ProtobufRpcEngine.java:585)
	at org.apache.hadoop.ipc.RPC$Server.call(RPC.java:1026)
	at org.apache.hadoop.ipc.Server$Handler$1.run(Server.java:1986)
	at org.apache.hadoop.ipc.Server$Handler$1.run(Server.java:1982)
	at java.security.AccessController.doPrivileged(Native Method)
	at javax.security.auth.Subject.doAs(Subject.java:415)
	at org.apache.hadoop.security.UserGroupInformation.doAs(UserGroupInformation.java:1554)
	at org.apache.hadoop.ipc.Server$Handler.run(Server.java:1980)

	at org.apache.hadoop.mapred.ClientServiceDelegate.invoke(ClientServiceDelegate.java:348)
	at org.apache.hadoop.mapred.ClientServiceDelegate.getJobStatus(ClientServiceDelegate.java:419)
	at org.apache.hadoop.mapred.YARNRunner.getJobStatus(YARNRunner.java:532)
	at org.apache.hadoop.mapreduce.Cluster.getJob(Cluster.java:183)
	at org.apache.hadoop.mapred.JobClient$2.run(JobClient.java:582)
	at org.apache.hadoop.mapred.JobClient$2.run(JobClient.java:580)
	at java.security.AccessController.doPrivileged(Native Method)
	at javax.security.auth.Subject.doAs(Subject.java:415)
	at org.apache.hadoop.security.UserGroupInformation.doAs(UserGroupInformation.java:1554)
	at org.apache.hadoop.mapred.JobClient.getJobUsingCluster(JobClient.java:580)
	at org.apache.hadoop.mapred.JobClient.getTaskReports(JobClient.java:635)
	at org.apache.hadoop.mapred.JobClient.getMapTaskReports(JobClient.java:629)
	at org.apache.pig.backend.hadoop.executionengine.mapReduceLayer.Launcher.getStats(Launcher.java:150)
	at org.apache.pig.backend.hadoop.executionengine.mapReduceLayer.MapReduceLauncher.launchPig(MapReduceLauncher.java:428)
	at org.apache.pig.PigServer.launchPlan(PigServer.java:1322)
	at org.apache.pig.PigServer.executeCompiledLogicalPlan(PigServer.java:1307)
	at org.apache.pig.PigServer.execute(PigServer.java:1297)
	at org.apache.pig.PigServer.executeBatch(PigServer.java:375)
	at org.apache.pig.PigServer.executeBatch(PigServer.java:353)
	at org.apache.pig.tools.grunt.GruntParser.executeBatch(GruntParser.java:140)
	at org.apache.pig.tools.grunt.GruntParser.parseStopOnError(GruntParser.java:202)
	at org.apache.pig.tools.grunt.GruntParser.parseStopOnError(GruntParser.java:173)
	at org.apache.pig.tools.grunt.Grunt.exec(Grunt.java:84)
	at org.apache.pig.Main.run(Main.java:607)
	at org.apache.pig.Main.main(Main.java:156)
	at sun.reflect.NativeMethodAccessorImpl.invoke0(Native Method)
	at sun.reflect.NativeMethodAccessorImpl.invoke(NativeMethodAccessorImpl.java:57)
	at sun.reflect.DelegatingMethodAccessorImpl.invoke(DelegatingMethodAccessorImpl.java:43)
	at java.lang.reflect.Method.invoke(Method.java:606)
	at org.apache.hadoop.util.RunJar.main(RunJar.java:212)
================================================================================
